2016-06-23 22:49:02,512 [INFO] from play.core.server.NettyServer in pool-4-thread-1 - Listening for HTTP on /0:0:0:0:0:0:0:0:9000
2016-06-23 22:49:29,662 [WARN] from application in ForkJoinPool-1-worker-1 - Logger configuration in conf files is deprecated and has no effect. Use a logback configuration file instead.
2016-06-23 22:49:31,271 [WARN] from application in ForkJoinPool-1-worker-1 - application.conf @ file:/C:/Users/ahmedengu/Documents/IdeaProjects/Talent/target/scala-2.11/classes/application.conf: 39: user is deprecated, use username instead
2016-06-23 22:49:31,301 [INFO] from application in ForkJoinPool-1-worker-1 - Creating Pool for datasource 'default'
2016-06-23 22:50:06,730 [ERROR] from application in netty-event-loop-3 - 

! @70foef52e - Internal server error, for (GET) [/] ->
 
play.api.Configuration$$anon$1: Configuration error[Cannot connect to database [default]]
	at play.api.Configuration$.configError(Configuration.scala:154)
	at play.api.Configuration.reportError(Configuration.scala:806)
	at play.api.db.DefaultDBApi$$anonfun$connect$1.apply(DefaultDBApi.scala:48)
	at play.api.db.DefaultDBApi$$anonfun$connect$1.apply(DefaultDBApi.scala:42)
	at scala.collection.immutable.List.foreach(List.scala:381)
	at play.api.db.DefaultDBApi.connect(DefaultDBApi.scala:42)
	at play.api.db.DBApiProvider.get$lzycompute(DBModule.scala:72)
	at play.api.db.DBApiProvider.get(DBModule.scala:62)
	at play.api.db.DBApiProvider.get(DBModule.scala:58)
	at com.google.inject.internal.ProviderInternalFactory.provision(ProviderInternalFactory.java:81)
	at com.google.inject.internal.BoundProviderFactory.provision(BoundProviderFactory.java:72)
	at com.google.inject.internal.ProviderInternalFactory.circularGet(ProviderInternalFactory.java:61)
	at com.google.inject.internal.BoundProviderFactory.get(BoundProviderFactory.java:62)
	at com.google.inject.internal.SingleFieldInjector.inject(SingleFieldInjector.java:54)
	at com.google.inject.internal.MembersInjectorImpl.injectMembers(MembersInjectorImpl.java:132)
	at com.google.inject.internal.MembersInjectorImpl$1.call(MembersInjectorImpl.java:93)
	at com.google.inject.internal.MembersInjectorImpl$1.call(MembersInjectorImpl.java:80)
	at com.google.inject.internal.InjectorImpl.callInContext(InjectorImpl.java:1103)
	at com.google.inject.internal.MembersInjectorImpl.injectAndNotify(MembersInjectorImpl.java:80)
	at com.google.inject.internal.MembersInjectorImpl.injectMembers(MembersInjectorImpl.java:62)
	at com.google.inject.internal.InjectorImpl.injectMembers(InjectorImpl.java:984)
	at com.google.inject.util.Providers$GuicifiedProviderWithDependencies.initialize(Providers.java:149)
	at com.google.inject.util.Providers$GuicifiedProviderWithDependencies$$FastClassByGuice$$2a7177aa.invoke(<generated>)
	at com.google.inject.internal.cglib.reflect.$FastMethod.invoke(FastMethod.java:53)
	at com.google.inject.internal.SingleMethodInjector$1.invoke(SingleMethodInjector.java:57)
	at com.google.inject.internal.SingleMethodInjector.inject(SingleMethodInjector.java:91)
	at com.google.inject.internal.MembersInjectorImpl.injectMembers(MembersInjectorImpl.java:132)
	at com.google.inject.internal.MembersInjectorImpl$1.call(MembersInjectorImpl.java:93)
	at com.google.inject.internal.MembersInjectorImpl$1.call(MembersInjectorImpl.java:80)
	at com.google.inject.internal.InjectorImpl.callInContext(InjectorImpl.java:1092)
	at com.google.inject.internal.MembersInjectorImpl.injectAndNotify(MembersInjectorImpl.java:80)
	at com.google.inject.internal.Initializer$InjectableReference.get(Initializer.java:174)
	at com.google.inject.internal.Initializer.injectAll(Initializer.java:108)
	at com.google.inject.internal.InternalInjectorCreator.injectDynamically(InternalInjectorCreator.java:174)
	at com.google.inject.internal.InternalInjectorCreator.build(InternalInjectorCreator.java:110)
	at com.google.inject.Guice.createInjector(Guice.java:96)
	at com.google.inject.Guice.createInjector(Guice.java:84)
	at play.api.inject.guice.GuiceBuilder.injector(GuiceInjectorBuilder.scala:181)
	at play.api.inject.guice.GuiceApplicationBuilder.build(GuiceApplicationBuilder.scala:123)
	at play.api.inject.guice.GuiceApplicationLoader.load(GuiceApplicationLoader.scala:21)
	at play.core.server.DevServerStart$$anonfun$mainDev$1$$anon$1$$anonfun$get$1$$anonfun$apply$1$$anonfun$1$$anonfun$2.apply(DevServerStart.scala:158)
	at play.core.server.DevServerStart$$anonfun$mainDev$1$$anon$1$$anonfun$get$1$$anonfun$apply$1$$anonfun$1$$anonfun$2.apply(DevServerStart.scala:155)
	at play.utils.Threads$.withContextClassLoader(Threads.scala:21)
	at play.core.server.DevServerStart$$anonfun$mainDev$1$$anon$1$$anonfun$get$1$$anonfun$apply$1$$anonfun$1.apply(DevServerStart.scala:155)
	at play.core.server.DevServerStart$$anonfun$mainDev$1$$anon$1$$anonfun$get$1$$anonfun$apply$1$$anonfun$1.apply(DevServerStart.scala:126)
	at scala.Option.map(Option.scala:146)
	at play.core.server.DevServerStart$$anonfun$mainDev$1$$anon$1$$anonfun$get$1$$anonfun$apply$1.apply(DevServerStart.scala:126)
	at play.core.server.DevServerStart$$anonfun$mainDev$1$$anon$1$$anonfun$get$1$$anonfun$apply$1.apply(DevServerStart.scala:124)
	at scala.util.Success.flatMap(Try.scala:231)
	at play.core.server.DevServerStart$$anonfun$mainDev$1$$anon$1$$anonfun$get$1.apply(DevServerStart.scala:124)
	at play.core.server.DevServerStart$$anonfun$mainDev$1$$anon$1$$anonfun$get$1.apply(DevServerStart.scala:116)
	at scala.concurrent.impl.Future$PromiseCompletingRunnable.liftedTree1$1(Future.scala:24)
	at scala.concurrent.impl.Future$PromiseCompletingRunnable.run(Future.scala:24)
	at java.util.concurrent.ForkJoinTask$RunnableExecuteAction.exec(ForkJoinTask.java:1402)
	at java.util.concurrent.ForkJoinTask.doExec(ForkJoinTask.java:289)
	at java.util.concurrent.ForkJoinPool$WorkQueue.runTask(ForkJoinPool.java:1056)
	at java.util.concurrent.ForkJoinPool.runWorker(ForkJoinPool.java:1692)
	at java.util.concurrent.ForkJoinWorkerThread.run(ForkJoinWorkerThread.java:157)
Caused by: play.api.Configuration$$anon$1: Configuration error[Exception during pool initialization: HikariPool-0 - Connection is not available, request timed out after 30001ms.]
	at play.api.Configuration$.configError(Configuration.scala:154)
	at play.api.PlayConfig.reportError(Configuration.scala:996)
	at play.api.db.HikariCPConnectionPool.create(HikariCPModule.scala:69)
	at play.api.db.PooledDatabase.createDataSource(Databases.scala:200)
	at play.api.db.DefaultDatabase.dataSource$lzycompute(Databases.scala:124)
	at play.api.db.DefaultDatabase.dataSource(Databases.scala:122)
	at play.api.db.DefaultDatabase.getConnection(Databases.scala:143)
	at play.api.db.DefaultDatabase.getConnection(Databases.scala:139)
	at play.api.db.DefaultDBApi$$anonfun$connect$1.apply(DefaultDBApi.scala:44)
	... 55 common frames omitted
Caused by: com.zaxxer.hikari.pool.HikariPool$PoolInitializationException: Exception during pool initialization: HikariPool-0 - Connection is not available, request timed out after 30001ms.
	at com.zaxxer.hikari.pool.HikariPool.initializeConnections(HikariPool.java:526)
	at com.zaxxer.hikari.pool.HikariPool.<init>(HikariPool.java:136)
	at com.zaxxer.hikari.HikariDataSource.<init>(HikariDataSource.java:71)
	at play.api.db.HikariCPConnectionPool$$anonfun$1.apply(HikariCPModule.scala:58)
	at play.api.db.HikariCPConnectionPool$$anonfun$1.apply(HikariCPModule.scala:54)
	at scala.util.Try$.apply(Try.scala:192)
	at play.api.db.HikariCPConnectionPool.create(HikariCPModule.scala:54)
	... 61 common frames omitted
Caused by: java.sql.SQLTransientConnectionException: HikariPool-0 - Connection is not available, request timed out after 30001ms.
	at com.zaxxer.hikari.pool.HikariPool.getConnection(HikariPool.java:195)
	at com.zaxxer.hikari.pool.HikariPool.getConnection(HikariPool.java:147)
	at com.zaxxer.hikari.pool.HikariPool.initializeConnections(HikariPool.java:510)
	... 67 common frames omitted
Caused by: java.sql.SQLException: Access denied for user 'talent'@'156.213.33.183' (using password: YES)
	at com.mysql.jdbc.SQLError.createSQLException(SQLError.java:1094)
	at com.mysql.jdbc.MysqlIO.checkErrorPacket(MysqlIO.java:4226)
	at com.mysql.jdbc.MysqlIO.checkErrorPacket(MysqlIO.java:4158)
	at com.mysql.jdbc.MysqlIO.checkErrorPacket(MysqlIO.java:926)
	at com.mysql.jdbc.MysqlIO.proceedHandshakeWithPluggableAuthentication(MysqlIO.java:1748)
	at com.mysql.jdbc.MysqlIO.doHandshake(MysqlIO.java:1288)
	at com.mysql.jdbc.ConnectionImpl.coreConnect(ConnectionImpl.java:2508)
	at com.mysql.jdbc.ConnectionImpl.connectOneTryOnly(ConnectionImpl.java:2541)
	at com.mysql.jdbc.ConnectionImpl.createNewIO(ConnectionImpl.java:2323)
	at com.mysql.jdbc.ConnectionImpl.<init>(ConnectionImpl.java:832)
	at com.mysql.jdbc.JDBC4Connection.<init>(JDBC4Connection.java:46)
	at sun.reflect.NativeConstructorAccessorImpl.newInstance0(Native Method)
	at sun.reflect.NativeConstructorAccessorImpl.newInstance(NativeConstructorAccessorImpl.java:62)
	at sun.reflect.DelegatingConstructorAccessorImpl.newInstance(DelegatingConstructorAccessorImpl.java:45)
	at java.lang.reflect.Constructor.newInstance(Constructor.java:422)
	at com.mysql.jdbc.Util.handleNewInstance(Util.java:408)
	at com.mysql.jdbc.ConnectionImpl.getInstance(ConnectionImpl.java:417)
	at com.mysql.jdbc.NonRegisteringDriver.connect(NonRegisteringDriver.java:344)
	at com.zaxxer.hikari.util.DriverDataSource.getConnection(DriverDataSource.java:95)
	at com.zaxxer.hikari.util.DriverDataSource.getConnection(DriverDataSource.java:101)
	at com.zaxxer.hikari.pool.PoolBase.newConnection(PoolBase.java:314)
	at com.zaxxer.hikari.pool.PoolBase.newPoolEntry(PoolBase.java:171)
	at com.zaxxer.hikari.pool.HikariPool.createPoolEntry(HikariPool.java:436)
	at com.zaxxer.hikari.pool.HikariPool.access$500(HikariPool.java:65)
	at com.zaxxer.hikari.pool.HikariPool$PoolEntryCreator.call(HikariPool.java:567)
	at com.zaxxer.hikari.pool.HikariPool$PoolEntryCreator.call(HikariPool.java:560)
	at java.util.concurrent.FutureTask.run(FutureTask.java:266)
	at java.util.concurrent.ThreadPoolExecutor.runWorker(ThreadPoolExecutor.java:1142)
	at java.util.concurrent.ThreadPoolExecutor$Worker.run(ThreadPoolExecutor.java:617)
	at java.lang.Thread.run(Thread.java:745)
2016-06-23 22:52:13,785 [WARN] from application in ForkJoinPool-1-worker-2 - Logger configuration in conf files is deprecated and has no effect. Use a logback configuration file instead.
2016-06-23 22:52:14,129 [WARN] from application in ForkJoinPool-1-worker-2 - application.conf @ file:/C:/Users/ahmedengu/Documents/IdeaProjects/Talent/target/scala-2.11/classes/application.conf: 39: user is deprecated, use username instead
2016-06-23 22:52:14,130 [INFO] from application in ForkJoinPool-1-worker-2 - Creating Pool for datasource 'default'
2016-06-23 22:52:20,788 [INFO] from play.api.db.DefaultDBApi in ForkJoinPool-1-worker-2 - Database [default] connected at jdbc:mysql://209.148.94.217:3306/talent
2016-06-23 22:52:21,719 [WARN] from application in ForkJoinPool-1-worker-2 - application.langs is deprecated, use play.i18n.langs instead
2016-06-23 22:52:22,815 [INFO] from play.api.Play in ForkJoinPool-1-worker-2 - Application started (Dev)
2016-06-23 22:56:25,982 [WARN] from application in application-akka.actor.default-dispatcher-4 - application.conf @ file:/C:/Users/ahmedengu/Documents/IdeaProjects/Talent/target/scala-2.11/classes/application.conf: 8: application.secret is deprecated, use play.crypto.secret instead
2016-06-23 23:19:52,000 [INFO] from application in application-akka.actor.default-dispatcher-4 - Shutting down connection pool.
2016-06-23 23:19:52,157 [WARN] from application in application-akka.actor.default-dispatcher-4 - Logger configuration in conf files is deprecated and has no effect. Use a logback configuration file instead.
2016-06-23 23:19:52,451 [WARN] from application in application-akka.actor.default-dispatcher-4 - application.conf @ file:/C:/Users/ahmedengu/Documents/IdeaProjects/Talent/target/scala-2.11/classes/application.conf: 39: user is deprecated, use username instead
2016-06-23 23:19:52,451 [INFO] from application in application-akka.actor.default-dispatcher-4 - Creating Pool for datasource 'default'
2016-06-23 23:20:00,242 [INFO] from play.api.db.DefaultDBApi in application-akka.actor.default-dispatcher-4 - Database [default] connected at jdbc:mysql://209.148.94.217:3306/talent
2016-06-23 23:20:00,372 [WARN] from application in application-akka.actor.default-dispatcher-4 - application.langs is deprecated, use play.i18n.langs instead
2016-06-23 23:20:00,507 [INFO] from play.api.Play in application-akka.actor.default-dispatcher-4 - Application started (Dev)
2016-06-23 23:20:00,555 [WARN] from application in application-akka.actor.default-dispatcher-9 - application.conf @ file:/C:/Users/ahmedengu/Documents/IdeaProjects/Talent/target/scala-2.11/classes/application.conf: 8: application.secret is deprecated, use play.crypto.secret instead
2016-06-23 23:24:28,154 [WARN] from com.zaxxer.hikari.pool.HikariPool in Hikari housekeeper (pool HikariPool-2) - HikariPool-2 - Unusual system clock change detected, soft-evicting connections from pool.
2016-06-23 23:25:36,552 [INFO] from application in application-akka.actor.default-dispatcher-8 - Shutting down connection pool.
2016-06-23 23:25:36,691 [WARN] from application in application-akka.actor.default-dispatcher-8 - Logger configuration in conf files is deprecated and has no effect. Use a logback configuration file instead.
2016-06-23 23:25:36,904 [WARN] from application in application-akka.actor.default-dispatcher-8 - application.conf @ file:/C:/Users/ahmedengu/Documents/IdeaProjects/Talent/target/scala-2.11/classes/application.conf: 39: user is deprecated, use username instead
2016-06-23 23:25:36,904 [INFO] from application in application-akka.actor.default-dispatcher-8 - Creating Pool for datasource 'default'
2016-06-23 23:25:45,444 [INFO] from play.api.db.DefaultDBApi in application-akka.actor.default-dispatcher-8 - Database [default] connected at jdbc:mysql://209.148.94.217:3306/talent
2016-06-23 23:25:45,556 [WARN] from application in application-akka.actor.default-dispatcher-8 - application.langs is deprecated, use play.i18n.langs instead
2016-06-23 23:25:45,654 [INFO] from play.api.Play in application-akka.actor.default-dispatcher-8 - Application started (Dev)
2016-06-23 23:25:45,675 [WARN] from application in application-akka.actor.default-dispatcher-3 - application.conf @ file:/C:/Users/ahmedengu/Documents/IdeaProjects/Talent/target/scala-2.11/classes/application.conf: 8: application.secret is deprecated, use play.crypto.secret instead
2016-06-23 23:28:16,395 [INFO] from application in application-akka.actor.default-dispatcher-2 - Shutting down connection pool.
2016-06-23 23:28:16,560 [WARN] from application in application-akka.actor.default-dispatcher-2 - Logger configuration in conf files is deprecated and has no effect. Use a logback configuration file instead.
2016-06-23 23:28:16,698 [WARN] from application in application-akka.actor.default-dispatcher-2 - application.conf @ file:/C:/Users/ahmedengu/Documents/IdeaProjects/Talent/target/scala-2.11/classes/application.conf: 39: user is deprecated, use username instead
2016-06-23 23:28:16,699 [INFO] from application in application-akka.actor.default-dispatcher-2 - Creating Pool for datasource 'default'
2016-06-23 23:28:28,100 [INFO] from play.api.db.DefaultDBApi in application-akka.actor.default-dispatcher-2 - Database [default] connected at jdbc:mysql://209.148.94.217:3306/talent
2016-06-23 23:28:28,275 [WARN] from application in application-akka.actor.default-dispatcher-2 - application.langs is deprecated, use play.i18n.langs instead
2016-06-23 23:28:28,373 [INFO] from play.api.Play in application-akka.actor.default-dispatcher-2 - Application started (Dev)
2016-06-23 23:28:28,387 [WARN] from application in application-akka.actor.default-dispatcher-6 - application.conf @ file:/C:/Users/ahmedengu/Documents/IdeaProjects/Talent/target/scala-2.11/classes/application.conf: 8: application.secret is deprecated, use play.crypto.secret instead
